2019-03-22 10:17:52.489  INFO 10548 --- [main] com.example.DemoApplication              : Starting DemoApplication on ZHANGJJ26-JAXPY with PID 10548 (D:\gitspace\demo\target\classes started by zhangjj26 in D:\gitspace\demo)
2019-03-22 10:17:52.492  INFO 10548 --- [main] com.example.DemoApplication              : No active profile set, falling back to default profiles: default
2019-03-22 10:17:53.677  INFO 10548 --- [main] trationDelegate$BeanPostProcessorChecker : Bean 'org.springframework.transaction.annotation.ProxyTransactionManagementConfiguration' of type [org.springframework.transaction.annotation.ProxyTransactionManagementConfiguration$$EnhancerBySpringCGLIB$$87e2c230] is not eligible for getting processed by all BeanPostProcessors (for example: not eligible for auto-proxying)
2019-03-22 10:17:54.120  INFO 10548 --- [main] o.s.b.w.embedded.tomcat.TomcatWebServer  : Tomcat initialized with port(s): 8848 (http)
2019-03-22 10:17:54.152  INFO 10548 --- [main] o.apache.catalina.core.StandardService   : Starting service [Tomcat]
2019-03-22 10:17:54.153  INFO 10548 --- [main] org.apache.catalina.core.StandardEngine  : Starting Servlet engine: [Apache Tomcat/9.0.16]
2019-03-22 10:17:54.160  INFO 10548 --- [main] o.a.catalina.core.AprLifecycleListener   : The APR based Apache Tomcat Native library which allows optimal performance in production environments was not found on the java.library.path: [C:\Program Files\Java\jre1.8.0_171\bin;C:\windows\Sun\Java\bin;C:\windows\system32;C:\windows;C:/Program Files/Java/jre1.8.0_171/bin/server;C:/Program Files/Java/jre1.8.0_171/bin;C:/Program Files/Java/jre1.8.0_171/lib/amd64;D:\basesoftware\XShell\install6\;C:\Program Files (x86)\Common Files\Oracle\Java\javapath;C:\Program Files\Java\jdk1.7.0_75\bin;C:\Program Files\Java\jdk1.7.0_75\jre\bin;D:\nodejs\node_global\node_modules;c:\windows\system32;D:\websoftware\git\Git\cmd;C:\windows\system32;C:\windows;C:\windows\System32\Wbem;C:\windows\System32\WindowsPowerShell\v1.0\;C:\Program Files\WIDCOMM\Bluetooth Software\;C:\Program Files\WIDCOMM\Bluetooth Software\syswow64;C:\PROGRA~1\IBM\SQLLIB\BIN;C:\PROGRA~1\IBM\SQLLIB\FUNCTION;C:\PROGRA~1\IBM\SQLLIB\SAMPLES\REPL;D:\nodejs\node_global\;C:\Users\zhangjj26\Desktop;;.]
2019-03-22 10:17:54.286  INFO 10548 --- [main] o.a.c.c.C.[Tomcat].[localhost].[/]       : Initializing Spring embedded WebApplicationContext
2019-03-22 10:17:54.286  INFO 10548 --- [main] o.s.web.context.ContextLoader            : Root WebApplicationContext: initialization completed in 1748 ms
2019-03-22 10:17:55.013  INFO 10548 --- [main] pertySourcedRequestMappingHandlerMapping : Mapped URL path [/v2/api-docs] onto method [public org.springframework.http.ResponseEntity<springfox.documentation.spring.web.json.Json> springfox.documentation.swagger2.web.Swagger2Controller.getDocumentation(java.lang.String,javax.servlet.http.HttpServletRequest)]
2019-03-22 10:17:55.129  INFO 10548 --- [main] o.s.s.concurrent.ThreadPoolTaskExecutor  : Initializing ExecutorService 'applicationTaskExecutor'
2019-03-22 10:17:55.235  WARN 10548 --- [main] org.thymeleaf.templatemode.TemplateMode  : [THYMELEAF][main] Template Mode 'html5' is deprecated. Using Template Mode 'HTML' instead.
2019-03-22 10:17:55.265  INFO 10548 --- [main] o.s.b.a.w.s.WelcomePageHandlerMapping    : Adding welcome page template: index
2019-03-22 10:17:55.351  INFO 10548 --- [main] d.s.w.p.DocumentationPluginsBootstrapper : Context refreshed
2019-03-22 10:17:55.367  INFO 10548 --- [main] d.s.w.p.DocumentationPluginsBootstrapper : Found 1 custom documentation plugin(s)
2019-03-22 10:17:55.450  INFO 10548 --- [main] s.d.s.w.s.ApiListingReferenceScanner     : Scanning for api listing references
2019-03-22 10:17:55.624  INFO 10548 --- [main] o.s.b.w.embedded.tomcat.TomcatWebServer  : Tomcat started on port(s): 8848 (http) with context path ''
2019-03-22 10:17:55.627  INFO 10548 --- [main] com.example.DemoApplication              : Started DemoApplication in 3.66 seconds (JVM running for 4.66)
2019-03-22 10:18:10.942  INFO 10548 --- [http-nio-8848-exec-1] o.a.c.c.C.[Tomcat].[localhost].[/]       : Initializing Spring DispatcherServlet 'dispatcherServlet'
2019-03-22 10:18:10.943  INFO 10548 --- [http-nio-8848-exec-1] o.s.web.servlet.DispatcherServlet        : Initializing Servlet 'dispatcherServlet'
2019-03-22 10:18:10.952  INFO 10548 --- [http-nio-8848-exec-1] o.s.web.servlet.DispatcherServlet        : Completed initialization in 9 ms
2019-03-22 10:31:25.503  INFO 10548 --- [RMI TCP Connection(2)-127.0.0.1] inMXBeanRegistrar$SpringApplicationAdmin : Application shutdown requested.
2019-03-22 10:31:25.507  INFO 10548 --- [RMI TCP Connection(2)-127.0.0.1] o.s.s.concurrent.ThreadPoolTaskExecutor  : Shutting down ExecutorService 'applicationTaskExecutor'
2019-03-22 11:53:27.737  INFO 10888 --- [main] com.example.DemoApplication              : Starting DemoApplication on ZHANGJJ26-JAXPY with PID 10888 (D:\gitspace\demo\demo\target\classes started by zhangjj26 in D:\gitspace\demo\demo)
2019-03-22 11:53:27.742  INFO 10888 --- [main] com.example.DemoApplication              : No active profile set, falling back to default profiles: default
2019-03-22 11:53:29.827  INFO 10888 --- [main] trationDelegate$BeanPostProcessorChecker : Bean 'org.springframework.transaction.annotation.ProxyTransactionManagementConfiguration' of type [org.springframework.transaction.annotation.ProxyTransactionManagementConfiguration$$EnhancerBySpringCGLIB$$20708bcc] is not eligible for getting processed by all BeanPostProcessors (for example: not eligible for auto-proxying)
2019-03-22 11:53:30.800  INFO 10888 --- [main] o.s.b.w.embedded.tomcat.TomcatWebServer  : Tomcat initialized with port(s): 8848 (http)
2019-03-22 11:53:30.840  INFO 10888 --- [main] o.apache.catalina.core.StandardService   : Starting service [Tomcat]
2019-03-22 11:53:30.840  INFO 10888 --- [main] org.apache.catalina.core.StandardEngine  : Starting Servlet engine: [Apache Tomcat/9.0.16]
2019-03-22 11:53:30.855  INFO 10888 --- [main] o.a.catalina.core.AprLifecycleListener   : The APR based Apache Tomcat Native library which allows optimal performance in production environments was not found on the java.library.path: [C:\Program Files\Java\jre1.8.0_171\bin;C:\windows\Sun\Java\bin;C:\windows\system32;C:\windows;C:/Program Files/Java/jre1.8.0_171/bin/server;C:/Program Files/Java/jre1.8.0_171/bin;C:/Program Files/Java/jre1.8.0_171/lib/amd64;D:\basesoftware\XShell\install6\;C:\Program Files (x86)\Common Files\Oracle\Java\javapath;C:\Program Files\Java\jdk1.7.0_75\bin;C:\Program Files\Java\jdk1.7.0_75\jre\bin;D:\nodejs\node_global\node_modules;c:\windows\system32;D:\websoftware\git\Git\cmd;C:\windows\system32;C:\windows;C:\windows\System32\Wbem;C:\windows\System32\WindowsPowerShell\v1.0\;C:\Program Files\WIDCOMM\Bluetooth Software\;C:\Program Files\WIDCOMM\Bluetooth Software\syswow64;C:\PROGRA~1\IBM\SQLLIB\BIN;C:\PROGRA~1\IBM\SQLLIB\FUNCTION;C:\PROGRA~1\IBM\SQLLIB\SAMPLES\REPL;D:\nodejs\node_global\;C:\Users\zhangjj26\Desktop;;.]
2019-03-22 11:53:31.085  INFO 10888 --- [main] o.a.c.c.C.[Tomcat].[localhost].[/]       : Initializing Spring embedded WebApplicationContext
2019-03-22 11:53:31.086  INFO 10888 --- [main] o.s.web.context.ContextLoader            : Root WebApplicationContext: initialization completed in 3260 ms
2019-03-22 11:53:32.278  INFO 10888 --- [main] pertySourcedRequestMappingHandlerMapping : Mapped URL path [/v2/api-docs] onto method [public org.springframework.http.ResponseEntity<springfox.documentation.spring.web.json.Json> springfox.documentation.swagger2.web.Swagger2Controller.getDocumentation(java.lang.String,javax.servlet.http.HttpServletRequest)]
2019-03-22 11:53:32.516  INFO 10888 --- [main] o.s.s.concurrent.ThreadPoolTaskExecutor  : Initializing ExecutorService 'applicationTaskExecutor'
2019-03-22 11:53:32.661  WARN 10888 --- [main] org.thymeleaf.templatemode.TemplateMode  : [THYMELEAF][main] Template Mode 'html5' is deprecated. Using Template Mode 'HTML' instead.
2019-03-22 11:53:32.711  INFO 10888 --- [main] o.s.b.a.w.s.WelcomePageHandlerMapping    : Adding welcome page template: index
2019-03-22 11:53:32.931  INFO 10888 --- [main] d.s.w.p.DocumentationPluginsBootstrapper : Context refreshed
2019-03-22 11:53:32.958  INFO 10888 --- [main] d.s.w.p.DocumentationPluginsBootstrapper : Found 1 custom documentation plugin(s)
2019-03-22 11:53:33.006  INFO 10888 --- [main] s.d.s.w.s.ApiListingReferenceScanner     : Scanning for api listing references
2019-03-22 11:53:33.287  INFO 10888 --- [main] o.s.b.w.embedded.tomcat.TomcatWebServer  : Tomcat started on port(s): 8848 (http) with context path ''
2019-03-22 11:53:33.290  INFO 10888 --- [main] com.example.DemoApplication              : Started DemoApplication in 6.373 seconds (JVM running for 7.041)
2019-03-22 11:54:32.246  INFO 10888 --- [http-nio-8848-exec-2] o.a.c.c.C.[Tomcat].[localhost].[/]       : Initializing Spring DispatcherServlet 'dispatcherServlet'
2019-03-22 11:54:32.246  INFO 10888 --- [http-nio-8848-exec-2] o.s.web.servlet.DispatcherServlet        : Initializing Servlet 'dispatcherServlet'
2019-03-22 11:54:32.261  INFO 10888 --- [http-nio-8848-exec-2] o.s.web.servlet.DispatcherServlet        : Completed initialization in 14 ms
